# JRE version: Java(TM) SE Runtime Environment (17.0.10+11) (build 17.0.10+11-LTS-240)
# Java VM: Java HotSpot(TM) 64-Bit Server VM (17.0.10+11-LTS-240, mixed mode, sharing, tiered, compressed oops, compressed class ptrs, g1 gc, windows-amd64)
GC Precious Log:
 CPUs: 8 total, 8 available
 Memory: 7900M
 Large Page Support: Disabled
 NUMA Support: Disabled
 Compressed Oops: Enabled (32-bit)
 Heap Region Size: 1M
 Heap Min Capacity: 256M
 Heap Initial Capacity: 256M
 Heap Max Capacity: 512M
 Pre-touch: Disabled
 Parallel Workers: 8
 Concurrent Workers: 2
 Concurrent Refinement Workers: 8
 Periodic GC: Disabled
Heap:
 garbage-first heap   total 262144K, used 69902K [0x00000000e0000000, 0x0000000100000000)
  region size 1024K, 31 young (31744K), 3 survivors (3072K)
 Metaspace       used 50889K, committed 51328K, reserved 393216K
  class space    used 7312K, committed 7552K, reserved 327680K
GC Heap History (14 events):
Event: 10.750 GC heap before
{Heap before GC invocations=0 (full 0):
 garbage-first heap   total 262144K, used 26624K [0x00000000e0000000, 0x0000000100000000)
  region size 1024K, 23 young (23552K), 0 survivors (0K)
 Metaspace       used 2956K, committed 3136K, reserved 393216K
  class space    used 367K, committed 448K, reserved 327680K
}
Event: 10.772 GC heap after
{Heap after GC invocations=1 (full 0):
 garbage-first heap   total 262144K, used 10689K [0x00000000e0000000, 0x0000000100000000)
  region size 1024K, 3 young (3072K), 3 survivors (3072K)
 Metaspace       used 2956K, committed 3136K, reserved 393216K
  class space    used 367K, committed 448K, reserved 327680K
}
Event: 16.485 GC heap before
{Heap before GC invocations=1 (full 0):
 garbage-first heap   total 262144K, used 38337K [0x00000000e0000000, 0x0000000100000000)
  region size 1024K, 30 young (30720K), 3 survivors (3072K)
 Metaspace       used 4035K, committed 4224K, reserved 393216K
  class space    used 495K, committed 576K, reserved 327680K
}
Event: 16.492 GC heap after
{Heap after GC invocations=2 (full 0):
 garbage-first heap   total 262144K, used 11619K [0x00000000e0000000, 0x0000000100000000)
  region size 1024K, 1 young (1024K), 1 survivors (1024K)
 Metaspace       used 4035K, committed 4224K, reserved 393216K
  class space    used 495K, committed 576K, reserved 327680K
}
Event: 31.903 GC heap before
{Heap before GC invocations=2 (full 0):
 garbage-first heap   total 262144K, used 106851K [0x00000000e0000000, 0x0000000100000000)
  region size 1024K, 93 young (95232K), 1 survivors (1024K)
 Metaspace       used 18204K, committed 18496K, reserved 393216K
  class space    used 2618K, committed 2752K, reserved 327680K
}
Event: 31.920 GC heap after
{Heap after GC invocations=3 (full 0):
 garbage-first heap   total 262144K, used 21350K [0x00000000e0000000, 0x0000000100000000)
  region size 1024K, 11 young (11264K), 11 survivors (11264K)
 Metaspace       used 18204K, committed 18496K, reserved 393216K
  class space    used 2618K, committed 2752K, reserved 327680K
}
Event: 34.248 GC heap before
{Heap before GC invocations=3 (full 0):
 garbage-first heap   total 262144K, used 45926K [0x00000000e0000000, 0x0000000100000000)
  region size 1024K, 36 young (36864K), 11 survivors (11264K)
 Metaspace       used 21253K, committed 21504K, reserved 393216K
  class space    used 3113K, committed 3264K, reserved 327680K
}
Event: 34.261 GC heap after
{Heap after GC invocations=4 (full 0):
 garbage-first heap   total 262144K, used 23439K [0x00000000e0000000, 0x0000000100000000)
  region size 1024K, 12 young (12288K), 12 survivors (12288K)
 Metaspace       used 21253K, committed 21504K, reserved 393216K
  class space    used 3113K, committed 3264K, reserved 327680K
}
Event: 45.246 GC heap before
{Heap before GC invocations=5 (full 0):
 garbage-first heap   total 262144K, used 142223K [0x00000000e0000000, 0x0000000100000000)
  region size 1024K, 125 young (128000K), 12 survivors (12288K)
 Metaspace       used 35595K, committed 35968K, reserved 393216K
  class space    used 4952K, committed 5120K, reserved 327680K
}
Event: 45.266 GC heap after
{Heap after GC invocations=6 (full 0):
 garbage-first heap   total 262144K, used 32085K [0x00000000e0000000, 0x0000000100000000)
  region size 1024K, 11 young (11264K), 11 survivors (11264K)
 Metaspace       used 35595K, committed 35968K, reserved 393216K
  class space    used 4952K, committed 5120K, reserved 327680K
}
Event: 52.527 GC heap before
{Heap before GC invocations=7 (full 0):
 garbage-first heap   total 262144K, used 178517K [0x00000000e0000000, 0x0000000100000000)
  region size 1024K, 153 young (156672K), 11 survivors (11264K)
 Metaspace       used 48274K, committed 48832K, reserved 393216K
  class space    used 6883K, committed 7168K, reserved 327680K
}
Event: 52.552 GC heap after
{Heap after GC invocations=8 (full 0):
 garbage-first heap   total 262144K, used 41056K [0x00000000e0000000, 0x0000000100000000)
  region size 1024K, 20 young (20480K), 20 survivors (20480K)
 Metaspace       used 48274K, committed 48832K, reserved 393216K
  class space    used 6883K, committed 7168K, reserved 327680K
}
Event: 52.599 GC heap before
{Heap before GC invocations=8 (full 0):
 garbage-first heap   total 262144K, used 42080K [0x00000000e0000000, 0x0000000100000000)
  region size 1024K, 21 young (21504K), 20 survivors (20480K)
 Metaspace       used 48362K, committed 48896K, reserved 393216K
  class space    used 6905K, committed 7168K, reserved 327680K
}
Event: 52.617 GC heap after
{Heap after GC invocations=9 (full 0):
 garbage-first heap   total 262144K, used 42254K [0x00000000e0000000, 0x0000000100000000)
  region size 1024K, 3 young (3072K), 3 survivors (3072K)
 Metaspace       used 48362K, committed 48896K, reserved 393216K
  class space    used 6905K, committed 7168K, reserved 327680K
}

